{
  "RSpec": {
    "coverage": {
      "/home/youssef/Documents/DIrac/chatwoot/lib/action_view/template/handlers/liquid.rb": [
        null,
        null,
        null,
        null,
        1,
        1,
        0,
        null,
        null,
        1,
        0,
        0,
        0,
        null,
        null,
        1,
        0,
        0,
        0,
        0,
        null,
        0,
        0,
        null,
        null,
        1,
        0,
        0,
        null,
        0,
        null,
        null,
        null,
        1,
        0,
        0,
        null,
        null,
        1,
        0,
        0,
        null,
        0,
        null,
        null,
        null,
        1,
        0,
        0,
        null,
        0,
        null,
        null,
        null,
        1,
        0,
        null,
        null,
        1,
        0,
        null,
        null
      ],
      "/home/youssef/Documents/DIrac/chatwoot/lib/redis/config.rb": [
        1,
        1,
        1,
        1,
        1,
        null,
        null,
        1,
        1,
        null,
        null,
        1,
        null,
        1,
        null,
        null,
        null,
        null,
        null,
        null,
        null,
        1,
        1,
        null,
        null,
        1,
        0,
        0,
        0,
        0,
        0,
        null,
        null,
        1,
        0,
        null,
        null,
        0,
        0,
        null,
        null,
        null,
        null,
        0,
        null,
        0,
        null,
        null,
        null
      ],
      "/home/youssef/Documents/DIrac/chatwoot/enterprise/lib/enterprise.rb": [
        1,
        null
      ],
      "/home/youssef/Documents/DIrac/chatwoot/enterprise/app/models/enterprise/account.rb": [
        1,
        null,
        null,
        1,
        null,
        1,
        0,
        null,
        null,
        0,
        null,
        0,
        null,
        null,
        1,
        0,
        null,
        null
      ],
      "/home/youssef/Documents/DIrac/chatwoot/enterprise/app/models/enterprise/account/plan_usage_and_limits.rb": [
        1,
        1,
        1,
        1,
        1,
        null,
        1,
        null,
        0,
        null,
        null,
        null,
        null,
        null,
        null,
        null,
        null,
        1,
        0,
        0,
        0,
        null,
        null,
        1,
        0,
        0,
        null,
        null,
        1,
        null,
        0,
        0,
        null,
        null,
        1,
        0,
        0,
        null,
        0,
        null,
        null,
        1,
        0,
        null,
        null,
        0,
        null,
        null,
        null,
        null,
        1,
        null,
        1,
        0,
        null,
        0,
        0,
        null,
        0,
        null,
        null,
        0,
        null,
        null,
        0,
        0,
        null,
        null,
        null,
        null,
        1,
        0,
        0,
        0,
        null,
        null,
        0,
        null,
        null,
        0,
        null,
        null,
        null,
        null,
        0,
        0,
        null,
        null,
        null,
        0,
        null,
        null,
        null,
        1,
        0,
        null,
        null,
        1,
        0,
        0,
        null,
        null,
        1,
        0,
        0,
        null,
        0,
        null,
        0,
        null,
        null,
        1,
        8,
        8,
        null,
        null,
        8,
        null,
        null,
        null,
        null,
        null,
        null,
        null,
        null,
        null,
        null,
        8,
        null,
        null
      ],
      "/home/youssef/Documents/DIrac/chatwoot/app/dispatchers/dispatcher.rb": [
        1,
        1,
        null,
        1,
        null,
        1,
        0,
        null,
        null,
        1,
        1,
        1,
        null,
        null,
        1,
        116,
        116,
        null,
        null,
        1,
        1,
        1,
        null,
        null
      ],
      "/home/youssef/Documents/DIrac/chatwoot/app/dispatchers/sync_dispatcher.rb": [
        1,
        1,
        116,
        116,
        null,
        null,
        1,
        1,
        null,
        null
      ],
      "/home/youssef/Documents/DIrac/chatwoot/app/dispatchers/base_dispatcher.rb": [
        1,
        1,
        null,
        1,
        0,
        null,
        null,
        1,
        14,
        null,
        null
      ],
      "/home/youssef/Documents/DIrac/chatwoot/app/dispatchers/async_dispatcher.rb": [
        1,
        1,
        116,
        null,
        null,
        1,
        0,
        0,
        null,
        null,
        1,
        null,
        1,
        null,
        null,
        null,
        null,
        null,
        null,
        null,
        null,
        null,
        null,
        null,
        null,
        1
      ],
      "/home/youssef/Documents/DIrac/chatwoot/lib/chatwoot_app.rb": [
        null,
        null,
        1,
        null,
        1,
        1,
        26,
        null,
        null,
        1,
        0,
        null,
        null,
        1,
        null,
        27,
        null,
        null,
        null,
        null,
        null,
        1,
        0,
        null,
        null,
        1,
        26,
        null,
        null,
        1,
        0,
        null,
        null,
        1,
        26,
        0,
        26,
        26,
        null,
        0,
        null,
        null,
        null
      ],
      "/home/youssef/Documents/DIrac/chatwoot/enterprise/app/dispatchers/enterprise/async_dispatcher.rb": [
        1,
        1,
        1,
        null,
        null,
        null,
        null
      ],
      "/home/youssef/Documents/DIrac/chatwoot/app/listeners/action_cable_listener.rb": [
        1,
        1,
        null,
        1,
        0,
        0,
        0,
        null,
        null,
        1,
        0,
        0,
        0,
        null,
        null,
        1,
        0,
        null,
        0,
        0,
        0,
        null,
        null,
        1,
        14,
        14,
        null,
        14,
        null,
        null,
        null,
        null,
        1,
        14,
        14,
        14,
        null,
        14,
        null,
        null,
        1,
        0,
        0,
        0,
        null,
        0,
        null,
        null,
        1,
        6,
        6,
        6,
        null,
        6,
        null,
        null,
        1,
        15,
        15,
        null,
        15,
        null,
        null,
        1,
        0,
        0,
        null,
        0,
        null,
        null,
        1,
        0,
        0,
        null,
        0,
        null,
        null,
        1,
        14,
        14,
        null,
        14,
        null,
        null,
        1,
        0,
        0,
        0,
        0,
        null,
        0,
        null,
        null,
        null,
        null,
        null,
        null,
        null,
        null,
        null,
        1,
        0,
        0,
        0,
        0,
        null,
        0,
        null,
        null,
        null,
        null,
        null,
        null,
        null,
        null,
        null,
        1,
        6,
        6,
        null,
        6,
        null,
        null,
        1,
        0,
        0,
        null,
        0,
        null,
        null,
        1,
        2,
        2,
        null,
        2,
        null,
        null,
        1,
        17,
        17,
        null,
        null,
        1,
        2,
        2,
        null,
        null,
        1,
        0,
        0,
        null,
        null,
        1,
        0,
        0,
        null,
        null,
        1,
        0,
        0,
        null,
        0,
        null,
        null,
        1,
        null,
        1,
        19,
        null,
        null,
        1,
        0,
        0,
        null,
        null,
        1,
        71,
        71,
        71,
        null,
        null,
        1,
        14,
        14,
        14,
        null,
        14,
        null,
        null,
        1,
        43,
        null,
        43,
        null,
        null,
        1,
        90,
        null,
        74,
        null,
        null,
        74,
        null,
        74,
        null,
        null,
        null,
        1
      ],
      "/home/youssef/Documents/DIrac/chatwoot/app/listeners/base_listener.rb": [
        1,
        1,
        null,
        1,
        39,
        39,
        null,
        null,
        1,
        0,
        0,
        0,
        0,
        0,
        null,
        null,
        1,
        38,
        38,
        null,
        null,
        1,
        19,
        19,
        null,
        null,
        1,
        0,
        0,
        null,
        null,
        1,
        0,
        null,
        0,
        null,
        0,
        null,
        null
      ],
      "/home/youssef/Documents/DIrac/chatwoot/lib/events/types.rb": [
        null,
        null,
        1,
        null,
        null,
        1,
        1,
        null,
        null,
        null,
        1,
        null,
        null,
        1,
        null,
        null,
        1,
        1,
        1,
        1,
        null,
        1,
        1,
        null,
        1,
        1,
        1,
        1,
        1,
        1,
        1,
        null,
        null,
        1,
        1,
        1,
        1,
        null,
        null,
        1,
        1,
        1,
        1,
        null,
        null,
        1,
        1,
        null,
        null,
        1,
        1,
        1,
        null,
        null,
        1,
        1,
        null,
        null,
        1,
        null
      ],
      "/home/youssef/Documents/DIrac/chatwoot/enterprise/app/listeners/enterprise/action_cable_listener.rb": [
        1,
        1,
        1,
        0,
        0,
        0,
        0,
        null,
        0,
        null,
        null
      ],
      "/home/youssef/Documents/DIrac/chatwoot/app/listeners/agent_bot_listener.rb": [
        1,
        1,
        0,
        0,
        0,
        null,
        0,
        0,
        0,
        null,
        null,
        1,
        0,
        0,
        0,
        null,
        0,
        0,
        0,
        null,
        null,
        1,
        14,
        14,
        14,
        0,
        null,
        0,
        0,
        null,
        null,
        1,
        0,
        0,
        0,
        0,
        null,
        0,
        0,
        null,
        null,
        1,
        0,
        0,
        0,
        null,
        0,
        0,
        0,
        0,
        null,
        null,
        1,
        null,
        1,
        14,
        0,
        null,
        0,
        null,
        null,
        1,
        null,
        0,
        0,
        null,
        null,
        1,
        0,
        null,
        0,
        null,
        null
      ],
      "/home/youssef/Documents/DIrac/chatwoot/app/listeners/automation_rule_listener.rb": [
        1,
        1,
        0,
        null,
        0,
        0,
        0,
        null,
        0,
        null,
        0,
        null,
        0,
        0,
        0,
        null,
        null,
        null,
        1,
        0,
        null,
        0,
        0,
        0,
        null,
        0,
        null,
        0,
        null,
        0,
        0,
        0,
        null,
        null,
        null,
        1,
        0,
        null,
        0,
        0,
        0,
        null,
        0,
        null,
        0,
        null,
        0,
        0,
        0,
        null,
        null,
        null,
        1,
        0,
        null,
        0,
        null,
        0,
        0,
        null,
        0,
        null,
        0,
        null,
        0,
        0,
        null,
        0,
        null,
        null,
        null,
        1,
        0,
        null,
        0,
        null,
        null,
        1,
        0,
        null,
        null,
        null,
        null,
        null,
        null,
        1,
        0,
        null,
        null,
        1,
        0,
        0,
        null,
        null
      ],
      "/home/youssef/Documents/DIrac/chatwoot/app/listeners/campaign_listener.rb": [
        1,
        1,
        0,
        0,
        0,
        null,
        0,
        null,
        0,
        null,
        null,
        null,
        null,
        null,
        null,
        null
      ],
      "/home/youssef/Documents/DIrac/chatwoot/app/listeners/csat_survey_listener.rb": [
        1,
        1,
        2,
        null,
        2,
        null,
        null,
        1,
        null,
        null,
        1,
        null,
        null,
        1,
        4,
        null,
        4,
        1,
        3,
        1,
        null,
        null,
        null
      ],
      "/home/youssef/Documents/DIrac/chatwoot/app/listeners/hook_listener.rb": [
        1,
        1,
        0,
        null,
        0,
        null,
        null,
        1,
        0,
        null,
        0,
        null,
        null,
        1,
        0,
        0,
        null,
        null,
        1,
        0,
        0,
        null,
        null,
        1,
        0,
        0,
        null,
        null,
        1,
        0,
        null,
        0,
        null,
        0,
        null,
        null,
        1,
        null,
        1,
        0,
        null,
        null,
        0,
        null,
        0,
        null,
        null,
        null,
        1,
        0,
        0,
        null,
        null,
        null
      ],
      "/home/youssef/Documents/DIrac/chatwoot/app/listeners/installation_webhook_listener.rb": [
        1,
        1,
        0,
        null,
        null,
        null,
        0,
        null,
        null,
        1,
        null,
        1,
        0,
        null,
        null,
        1,
        0,
        null,
        null,
        1,
        null,
        0,
        0,
        null,
        null
      ],
      "/home/youssef/Documents/DIrac/chatwoot/app/listeners/notification_listener.rb": [
        1,
        1,
        0,
        0,
        null,
        0,
        0,
        null,
        null,
        null,
        null,
        null,
        null,
        null,
        null,
        1,
        0,
        0,
        null,
        0,
        0,
        null,
        null,
        null,
        null,
        null,
        null,
        null,
        null,
        1,
        0,
        0,
        null,
        null,
        null,
        null,
        null,
        0,
        0,
        0,
        null,
        0,
        null,
        null,
        null,
        null,
        null,
        null,
        null,
        1,
        0,
        null,
        0,
        0,
        null,
        null
      ],
      "/home/youssef/Documents/DIrac/chatwoot/app/listeners/participation_listener.rb": [
        1,
        1,
        null,
        1,
        0,
        0,
        null,
        0,
        null,
        null,
        null,
        0,
        null,
        null,
        null
      ],
      "/home/youssef/Documents/DIrac/chatwoot/app/listeners/reporting_event_listener.rb": [
        1,
        1,
        null,
        1,
        0,
        0,
        null,
        0,
        null,
        null,
        null,
        null,
        null,
        null,
        null,
        null,
        null,
        null,
        null,
        null,
        0,
        0,
        null,
        null,
        1,
        0,
        0,
        0,
        null,
        0,
        null,
        null,
        null,
        null,
        null,
        null,
        null,
        null,
        null,
        null,
        null,
        null,
        0,
        null,
        null,
        1,
        0,
        0,
        0,
        0,
        null,
        0,
        null,
        null,
        null,
        null,
        null,
        null,
        null,
        null,
        null,
        null,
        0,
        null,
        null,
        1,
        0,
        null,
        null,
        0,
        0,
        null,
        0,
        null,
        0,
        null,
        null,
        null,
        null,
        null,
        null,
        null,
        null,
        null,
        null,
        0,
        null,
        null,
        1,
        null,
        1,
        0,
        null,
        0,
        null,
        0,
        0,
        0,
        null,
        null
      ],
      "/home/youssef/Documents/DIrac/chatwoot/app/helpers/reporting_event_helper.rb": [
        1,
        1,
        0,
        null,
        0,
        0,
        null,
        null,
        0,
        null,
        null,
        0,
        null,
        null,
        0,
        0,
        0,
        null,
        null,
        1,
        null,
        0,
        null,
        null,
        null,
        0,
        null,
        null,
        1,
        null,
        1,
        0,
        0,
        null,
        null,
        null,
        1,
        0,
        null,
        null,
        null,
        null,
        null,
        null,
        null,
        null,
        0,
        null,
        null,
        1,
        0,
        null,
        null,
        1,
        0,
        0,
        0,
        null,
        null
      ],
      "/home/youssef/Documents/DIrac/chatwoot/app/listeners/webhook_listener.rb": [
        1,
        1,
        0,
        0,
        0,
        0,
        0,
        null,
        null,
        1,
        0,
        0,
        0,
        0,
        0,
        null,
        null,
        1,
        0,
        0,
        0,
        0,
        null,
        null,
        1,
        0,
        0,
        null,
        0,
        null,
        0,
        0,
        null,
        null,
        1,
        0,
        0,
        null,
        0,
        null,
        0,
        0,
        null,
        null,
        1,
        0,
        0,
        null,
        0,
        0,
        0,
        null,
        null,
        1,
        0,
        0,
        0,
        null,
        null,
        1,
        0,
        0,
        0,
        null,
        0,
        0,
        null,
        null,
        1,
        0,
        0,
        0,
        0,
        null,
        null,
        1,
        0,
        0,
        0,
        null,
        0,
        0,
        0,
        null,
        null,
        1,
        0,
        null,
        null,
        1,
        0,
        null,
        null,
        1,
        null,
        1,
        0,
        0,
        0,
        null,
        null,
        0,
        null,
        null,
        null,
        null,
        0,
        null,
        null,
        1,
        0,
        0,
        null,
        0,
        null,
        null,
        null,
        1,
        0,
        0,
        null,
        0,
        null,
        null,
        1,
        0,
        0,
        null,
        null
      ],
      "/home/youssef/Documents/DIrac/chatwoot/enterprise/app/listeners/captain_listener.rb": [
        1,
        1,
        null,
        1,
        0,
        0,
        null,
        0,
        null,
        0,
        0,
        null,
        null
      ],
      "/home/youssef/Documents/DIrac/chatwoot/app/models/installation_config.rb": [
        null,
        null,
        null,
        null,
        null,
        null,
        null,
        null,
        null,
        null,
        null,
        null,
        null,
        null,
        null,
        null,
        1,
        null,
        null,
        null,
        null,
        1,
        null,
        1,
        1,
        null,
        null,
        null,
        28,
        1,
        null,
        1,
        null,
        1,
        null,
        null,
        0,
        null,
        0,
        null,
        null,
        1,
        0,
        null,
        null,
        null,
        null,
        1,
        null,
        1,
        1,
        null,
        null,
        1,
        0,
        null,
        null
      ],
      "/home/youssef/Documents/DIrac/chatwoot/app/models/application_record.rb": [
        1,
        1,
        1,
        null,
        1,
        null,
        null,
        1,
        0,
        null,
        null,
        null,
        1,
        0,
        null,
        0,
        null,
        null,
        1,
        null,
        null,
        null,
        null,
        1,
        308,
        5011,
        null,
        null,
        null,
        1,
        5011,
        null,
        null,
        1,
        1808,
        1153,
        null,
        null,
        1,
        1089,
        1089,
        null,
        0,
        null,
        null,
        1,
        0,
        0,
        null,
        null,
        null,
        null,
        1
      ],
      "/home/youssef/Documents/DIrac/chatwoot/enterprise/app/models/enterprise/application_record.rb": [
        1,
        1,
        0,
        null,
        null
      ],
      "/home/youssef/Documents/DIrac/chatwoot/app/services/geocoder/setup_service.rb": [
        1,
        null,
        1,
        1,
        1,
        null,
        1,
        1,
        1,
        1,
        null,
        null,
        0,
        0,
        null,
        null,
        1,
        null,
        1,
        0,
        0,
        null,
        0,
        0,
        null,
        0,
        null,
        null,
        1,
        0,
        0,
        null,
        0,
        0,
        null,
        0,
        0,
        null,
        null,
        null,
        null,
        1,
        1,
        null,
        null,
        1,
        0,
        null,
        null
      ],
      "/home/youssef/Documents/DIrac/chatwoot/app/models/user.rb": [
        null,
        null,
        null,
        null,
        null,
        null,
        null,
        null,
        null,
        null,
        null,
        null,
        null,
        null,
        null,
        null,
        null,
        null,
        null,
        null,
        null,
        null,
        null,
        null,
        null,
        null,
        null,
        null,
        null,
        null,
        null,
        null,
        null,
        null,
        null,
        null,
        null,
        null,
        null,
        null,
        null,
        1,
        1,
        1,
        null,
        1,
        1,
        1,
        1,
        1,
        1,
        null,
        1,
        null,
        null,
        null,
        null,
        null,
        null,
        null,
        null,
        null,
        null,
        null,
        1,
        null,
        null,
        null,
        null,
        null,
        1,
        null,
        1,
        1,
        1,
        null,
        1,
        1,
        1,
        1,
        1,
        1,
        null,
        1,
        1,
        1,
        1,
        null,
        1,
        1,
        1,
        1,
        1,
        1,
        1,
        1,
        1,
        1,
        null,
        null,
        1,
        null,
        null,
        1,
        1,
        null,
        1,
        null,
        1,
        36,
        null,
        null,
        1,
        0,
        null,
        null,
        1,
        18,
        null,
        null,
        1,
        0,
        null,
        null,
        1,
        0,
        null,
        null,
        1,
        null,
        54,
        null,
        null,
        null,
        null,
        null,
        null,
        null,
        null,
        null,
        1,
        null,
        0,
        null,
        null,
        null,
        null,
        null,
        null,
        null,
        null,
        1,
        198,
        null,
        null,
        1,
        0,
        null,
        null,
        1,
        null,
        1,
        0,
        null,
        null,
        null,
        1,
        1
      ],
      "/home/youssef/Documents/DIrac/chatwoot/app/models/concerns/access_tokenable.rb": [
        1,
        1,
        1,
        2,
        2,
        null,
        null,
        1,
        18,
        null,
        null
      ],
      "/home/youssef/Documents/DIrac/chatwoot/app/models/concerns/avatarable.rb": [
        null,
        null,
        1,
        1,
        1,
        null,
        1,
        5,
        74,
        5,
        null,
        null,
        1,
        170,
        null,
        170,
        null,
        null,
        1,
        69,
        33,
        null,
        null,
        null,
        33,
        null,
        null,
        1,
        0,
        null,
        0,
        null,
        0,
        0,
        null,
        null
      ],
      "/home/youssef/Documents/DIrac/chatwoot/app/models/concerns/pubsubable.rb": [
        null,
        null,
        1,
        1,
        null,
        1,
        null,
        2,
        2,
        null,
        null,
        1,
        null,
        51,
        null,
        null,
        null,
        36,
        null,
        null,
        1,
        null,
        76,
        76,
        null,
        null
      ],
      "/home/youssef/Documents/DIrac/chatwoot/app/models/concerns/reportable.rb": [
        null,
        null,
        1,
        1,
        null,
        1,
        3,
        null,
        null
      ],
      "/home/youssef/Documents/DIrac/chatwoot/app/models/concerns/sso_authenticatable.rb": [
        1,
        1,
        null,
        1,
        0,
        0,
        0,
        null,
        null,
        1,
        0,
        null,
        null,
        1,
        0,
        null,
        null,
        1,
        0,
        0,
        null,
        null,
        1,
        0,
        null,
        null,
        1,
        null,
        1,
        0,
        null,
        null
      ],
      "/home/youssef/Documents/DIrac/chatwoot/app/models/concerns/user_attribute_helpers.rb": [
        1,
        1,
        null,
        1,
        54,
        null,
        null,
        1,
        54,
        null,
        null,
        1,
        0,
        null,
        null,
        1,
        0,
        null,
        null,
        1,
        0,
        null,
        null,
        1,
        null,
        null,
        54,
        null,
        null,
        1,
        0,
        null,
        null,
        1,
        0,
        null,
        null,
        1,
        0,
        null,
        null,
        1,
        0,
        null,
        null,
        null,
        1,
        0,
        0,
        null,
        0,
        null,
        null
      ],
      "/home/youssef/Documents/DIrac/chatwoot/enterprise/app/models/enterprise/audit/user.rb": [
        1,
        1,
        null,
        1,
        null,
        null,
        1,
        null,
        null,
        null,
        null,
        18,
        null,
        null
      ],
      "/home/youssef/Documents/DIrac/chatwoot/enterprise/app/models/enterprise/audit_log.rb": [
        null,
        null,
        null,
        null,
        null,
        null,
        null,
        null,
        null,
        null,
        null,
        null,
        null,
        null,
        null,
        null,
        null,
        null,
        null,
        null,
        null,
        null,
        null,
        null,
        null,
        null,
        null,
        null,
        1,
        1,
        null,
        1,
        null,
        1,
        null,
        32,
        0,
        null,
        32,
        null,
        null,
        null,
        null
      ],
      "/home/youssef/Documents/DIrac/chatwoot/enterprise/app/models/enterprise/concerns/user.rb": [
        1,
        1,
        null,
        1,
        1,
        null,
        1,
        1,
        null,
        null,
        1,
        18,
        null,
        0,
        null,
        null
      ],
      "/home/youssef/Documents/DIrac/chatwoot/app/models/super_admin.rb": [
        null,
        null,
        null,
        null,
        null,
        null,
        null,
        null,
        null,
        null,
        null,
        null,
        null,
        null,
        null,
        null,
        null,
        null,
        null,
        null,
        null,
        null,
        null,
        null,
        null,
        null,
        null,
        null,
        null,
        null,
        null,
        null,
        null,
        null,
        null,
        null,
        null,
        null,
        null,
        null,
        1,
        null
      ],
      "/home/youssef/Documents/DIrac/chatwoot/app/mailboxes/application_mailbox.rb": [
        1,
        1,
        null,
        null,
        null,
        1,
        1,
        null,
        null,
        1,
        0,
        null,
        null,
        null,
        1,
        0,
        null,
        null,
        null,
        1,
        null,
        1,
        null,
        null,
        1,
        0,
        null,
        0,
        0,
        null,
        null,
        null,
        1,
        0,
        null,
        null,
        null,
        null,
        1,
        0,
        0,
        0,
        null,
        null,
        null,
        null,
        null,
        null,
        1,
        0,
        0,
        null,
        0,
        0,
        null,
        null,
        null
      ],
      "/home/youssef/Documents/DIrac/chatwoot/app/mailboxes/mailbox_helper.rb": [
        1,
        1,
        null,
        1,
        0,
        0,
        null,
        0,
        null,
        null,
        null,
        null,
        null,
        null,
        null,
        null,
        null,
        null,
        null,
        null,
        null,
        null,
        null,
        1,
        0,
        null,
        null,
        0,
        0,
        null,
        0,
        0,
        null,
        0,
        null,
        null,
        1,
        null,
        null,
        0,
        0,
        null,
        null,
        0,
        0,
        null,
        null,
        1,
        0,
        0,
        0,
        null,
        null,
        null,
        0,
        null,
        null,
        null,
        1,
        0,
        null,
        null,
        null,
        0,
        0,
        null,
        0,
        0,
        null,
        null,
        null,
        0,
        0,
        null,
        null,
        1,
        0,
        0,
        0,
        0,
        null,
        null,
        null,
        1,
        0,
        null,
        0,
        null,
        null,
        1,
        0,
        0,
        null,
        0,
        null,
        0,
        0,
        null,
        0,
        null,
        null,
        null,
        1,
        0,
        null,
        null,
        1,
        0,
        null,
        null,
        null,
        null,
        null,
        null,
        null,
        null,
        null,
        0,
        0,
        null,
        null,
        1,
        0,
        0,
        0,
        0,
        null,
        null,
        null
      ],
      "/home/youssef/Documents/DIrac/chatwoot/app/helpers/api/base_helper.rb": [
        1,
        null
      ],
      "/home/youssef/Documents/DIrac/chatwoot/app/helpers/api/v1/agents_helper.rb": [
        1,
        null
      ],
      "/home/youssef/Documents/DIrac/chatwoot/app/helpers/api/v1/canned_responses_helper.rb": [
        1,
        null
      ],
      "/home/youssef/Documents/DIrac/chatwoot/app/helpers/api/v1/conversations_helper.rb": [
        1,
        null
      ],
      "/home/youssef/Documents/DIrac/chatwoot/app/helpers/api/v1/inboxes_helper.rb": [
        1,
        1,
        0,
        null,
        0,
        null,
        null,
        1,
        0,
        null,
        0,
        0,
        null,
        null,
        1,
        null,
        1,
        0,
        null,
        0,
        0,
        null,
        null,
        null,
        null,
        null,
        null,
        0,
        null,
        null,
        1,
        0,
        null,
        0,
        null,
        0,
        0,
        null,
        null,
        1,
        0,
        null,
        0,
        null,
        0,
        null,
        0,
        null,
        0,
        null,
        null,
        0,
        null,
        0,
        null,
        0,
        null,
        null,
        1,
        0,
        null,
        0,
        null,
        null,
        1,
        0,
        0,
        0,
        0,
        null,
        null,
        null,
        1,
        0,
        null,
        0,
        0,
        0,
        null,
        0,
        null,
        null,
        null,
        1,
        0,
        null,
        0,
        0,
        0,
        null,
        0,
        null,
        null,
        null,
        1,
        0,
        0,
        0,
        0,
        null,
        null,
        1,
        null,
        0,
        null,
        null,
        null,
        null,
        null,
        null,
        null,
        null,
        null,
        1,
        0,
        null,
        0,
        null,
        null
      ],
      "/home/youssef/Documents/DIrac/chatwoot/app/helpers/api/v1/widget/messages_helper.rb": [
        1,
        null
      ],
      "/home/youssef/Documents/DIrac/chatwoot/app/helpers/api/v2/accounts/heatmap_helper.rb": [
        1,
        1,
        0,
        null,
        0,
        null,
        null,
        1,
        null,
        1,
        null,
        0,
        null,
        null,
        0,
        null,
        null,
        null,
        0,
        null,
        null,
        null,
        null,
        null,
        null,
        0,
        null,
        0,
        null,
        null,
        null,
        null,
        0,
        null,
        null,
        0,
        0,
        null,
        null,
        null,
        null,
        null,
        0,
        null,
        null,
        null,
        null,
        null,
        null,
        null,
        null,
        null,
        null,
        null,
        null,
        0,
        null,
        null,
        1,
        0,
        0,
        null,
        0,
        null,
        0,
        null,
        null,
        1,
        0,
        null,
        null,
        null,
        null,
        null,
        null,
        0,
        null,
        null,
        null,
        null,
        null,
        null,
        1,
        null,
        0,
        0,
        null,
        0,
        null,
        null,
        null,
        null,
        null,
        null,
        null,
        1,
        0,
        0,
        null,
        null,
        1,
        0,
        null,
        null
      ],
      "/home/youssef/Documents/DIrac/chatwoot/app/helpers/api/v2/accounts/reports_helper.rb": [
        1,
        1,
        0,
        null,
        null,
        null,
        null,
        0,
        0,
        0,
        null,
        null,
        null,
        1,
        0,
        null,
        null,
        null,
        null,
        0,
        0,
        0,
        null,
        null,
        null,
        1,
        0,
        null,
        null,
        null,
        null,
        0,
        0,
        0,
        null,
        null,
        null,
        1,
        0,
        null,
        null,
        null,
        null,
        0,
        0,
        null,
        null,
        null,
        1,
        null,
        1,
        0,
        null,
        null,
        null,
        null,
        null,
        null,
        null,
        null,
        1,
        0,
        null,
        null,
        1,
        null,
        0,
        null,
        null,
        null,
        null,
        null,
        null,
        null
      ],
      "/home/youssef/Documents/DIrac/chatwoot/app/helpers/application_helper.rb": [
        1,
        1,
        0,
        null,
        null,
        1,
        0,
        0,
        0,
        null,
        null,
        null
      ],
      "/home/youssef/Documents/DIrac/chatwoot/app/helpers/billing_helper.rb": [
        1,
        1,
        null,
        1,
        0,
        0,
        null,
        null,
        0,
        null,
        0,
        null,
        null,
        1,
        0,
        null,
        null,
        1,
        0,
        null,
        null,
        1,
        0,
        null,
        null
      ],
      "/home/youssef/Documents/DIrac/chatwoot/app/helpers/cache_keys_helper.rb": [
        1,
        1,
        56,
        null,
        null,
        1,
        42,
        42,
        null,
        42,
        null,
        null,
        28,
        null,
        null
      ],
      "/home/youssef/Documents/DIrac/chatwoot/app/helpers/contact_helper.rb": [
        1,
        1,
        null,
        0,
        null,
        null,
        0,
        null,
        0,
        null,
        null,
        0,
        null,
        0,
        0,
        0,
        null,
        null,
        1,
        null,
        1,
        0,
        null,
        null,
        1,
        0,
        null,
        null,
        1,
        0,
        null,
        null,
        1,
        0,
        null,
        null,
        1,
        0,
        null,
        null,
        1,
        0,
        null,
        null,
        1,
        0,
        null,
        null,
        1,
        0,
        0,
        0,
        null,
        0,
        0,
        0,
        null,
        0,
        null,
        null,
        1,
        0,
        0,
        0,
        0,
        0,
        null,
        null,
        0,
        null,
        null,
        null,
        null,
        null,
        null,
        null,
        0,
        0,
        0,
        null,
        0,
        null,
        null
      ],
      "/home/youssef/Documents/DIrac/chatwoot/app/helpers/date_range_helper.rb": [
        null,
        null,
        null,
        null,
        null,
        1,
        1,
        0,
        null,
        0,
        null,
        null,
        1,
        0,
        0,
        null,
        0,
        null,
        null
      ],
      "/home/youssef/Documents/DIrac/chatwoot/app/helpers/email_helper.rb": [
        1,
        1,
        0,
        0,
        null,
        null,
        null,
        null,
        null,
        1,
        0,
        null,
        null,
        1,
        0,
        null,
        0,
        0,
        null,
        0,
        null,
        null,
        null,
        1,
        null,
        null,
        0,
        null,
        null,
        1,
        null,
        0,
        null,
        null,
        null
      ],
      "/home/youssef/Documents/DIrac/chatwoot/app/helpers/file_type_helper.rb": [
        1,
        null,
        1,
        0,
        0,
        0,
        null,
        0,
        null,
        null,
        null,
        1,
        0,
        0,
        null,
        null,
        1,
        null,
        0,
        null,
        null,
        null,
        null,
        null,
        null,
        null,
        null,
        1,
        null,
        0,
        null,
        null,
        null,
        null,
        null,
        null,
        null
      ],
      "/home/youssef/Documents/DIrac/chatwoot/app/helpers/filters/filter_helper.rb": [
        1,
        1,
        0,
        null,
        null,
        null,
        0,
        0,
        null,
        null,
        null,
        null,
        null,
        null,
        0,
        0,
        null,
        null,
        0,
        null,
        null,
        0,
        0,
        null,
        null,
        null,
        0,
        null,
        null,
        1,
        0,
        null,
        0,
        null,
        0,
        null,
        0,
        null,
        0,
        null,
        null,
        null,
        1,
        0,
        0,
        null,
        null,
        1,
        0,
        0,
        null,
        null,
        0,
        null,
        null,
        null,
        null,
        1,
        0,
        null,
        0,
        null,
        0,
        null,
        0,
        null,
        0,
        null,
        null,
        0,
        0,
        null,
        0,
        null,
        null,
        null,
        null,
        1,
        0,
        null,
        null,
        null,
        1,
        0,
        null,
        null,
        null,
        1,
        0,
        null,
        null,
        1,
        0,
        null,
        0,
        null,
        0,
        null,
        null,
        0,
        null,
        null,
        null,
        1,
        0,
        0,
        null,
        0,
        null,
        0,
        null,
        0,
        null,
        0,
        null,
        null,
        null,
        1,
        0,
        0,
        null,
        0,
        null,
        0,
        null,
        0,
        null,
        0,
        null,
        0,
        0,
        null,
        0,
        0,
        null,
        null,
        null,
        1,
        0,
        0,
        null,
        0,
        0,
        null,
        null,
        1,
        0,
        null,
        0,
        null,
        null,
        1,
        0,
        null,
        null,
        1,
        0,
        null,
        null
      ],
      "/home/youssef/Documents/DIrac/chatwoot/app/helpers/frontend_urls_helper.rb": [
        1,
        1,
        0,
        0,
        null,
        null
      ],
      "/home/youssef/Documents/DIrac/chatwoot/app/helpers/home_helper.rb": [
        1,
        null
      ],
      "/home/youssef/Documents/DIrac/chatwoot/app/helpers/instagram/integration_helper.rb": [
        1,
        1,
        null,
        null,
        null,
        null,
        null,
        1,
        0,
        null,
        0,
        null,
        0,
        0,
        null,
        null,
        1,
        null,
        0,
        null,
        null,
        null,
        null,
        null,
        null,
        null,
        null,
        1,
        0,
        null,
        0,
        null,
        null,
        1,
        null,
        1,
        0,
        null,
        null,
        1,
        0,
        null,
        null,
        null,
        null,
        0,
        0,
        null,
        null
      ],
      "/home/youssef/Documents/DIrac/chatwoot/lib/jira.rb": [
        1,
        1,
        1,
        null,
        1,
        1,
        0,
        0,
        0,
        null,
        null,
        1,
        0,
        null,
        null,
        1,
        0,
        null,
        null,
        null,
        1,
        null,
        null,
        0,
        0,
        0,
        null,
        null,
        0,
        null,
        null,
        0,
        0,
        0,
        0,
        0,
        null,
        0,
        null,
        null,
        null,
        null,
        null,
        null,
        null,
        null,
        null,
        0,
        null,
        0,
        null,
        0,
        null,
        0,
        null,
        null,
        null,
        0,
        null,
        null,
        null,
        0,
        null,
        null,
        null,
        0,
        null,
        0,
        0,
        null,
        null,
        null,
        null,
        1,
        0,
        null,
        null,
        0,
        null,
        null,
        0,
        null,
        0,
        null,
        null,
        null,
        null,
        null,
        null,
        0,
        null,
        0,
        null,
        null,
        null,
        null,
        null,
        0,
        null,
        null,
        0,
        null,
        null,
        null,
        null,
        null,
        null,
        null,
        null,
        null,
        0,
        0,
        null,
        null,
        null,
        null,
        1,
        0,
        null,
        null,
        null,
        0,
        null,
        null,
        null,
        null,
        null,
        null,
        null,
        null,
        0,
        0,
        0,
        null,
        0,
        null,
        null,
        0,
        null,
        null,
        null,
        null,
        null,
        null,
        null,
        null,
        null,
        0,
        0,
        null,
        0,
        0,
        0,
        0,
        0,
        null,
        0,
        null,
        0,
        0,
        null,
        null,
        0,
        null,
        null,
        null,
        0,
        null,
        null,
        null,
        null,
        0,
        0,
        null,
        0,
        0,
        0,
        null,
        null,
        null,
        null,
        1,
        0,
        null,
        null,
        0,
        null,
        0,
        null,
        null,
        null,
        null,
        null,
        0,
        0,
        null,
        null,
        null,
        null,
        1,
        0,
        null,
        null,
        null,
        0,
        null,
        null,
        0,
        null,
        null,
        0,
        0,
        null,
        null,
        null,
        0,
        0,
        null,
        null,
        0,
        0,
        null,
        null,
        0,
        null,
        0,
        null,
        null,
        0,
        null,
        0,
        null,
        0,
        null,
        null,
        0,
        0,
        null,
        null,
        0,
        null,
        0,
        0,
        null,
        null,
        null,
        0,
        null,
        0,
        null,
        null,
        null,
        null,
        null,
        null,
        null,
        null,
        null,
        null,
        null,
        null,
        null,
        null,
        null,
        null,
        null,
        null,
        0,
        null,
        0,
        0,
        0,
        null,
        0,
        null,
        null,
        0,
        0,
        null,
        0,
        0,
        0,
        null,
        null,
        null,
        null,
        1,
        0,
        null,
        null,
        0,
        null,
        null,
        0,
        0,
        null,
        0,
        null,
        0,
        0,
        null,
        0,
        null,
        0,
        null,
        0,
        null,
        null,
        0,
        null,
        null,
        null,
        null,
        null,
        null,
        null,
        null,
        0,
        null,
        0,
        0,
        0,
        null,
        null,
        0,
        0,
        null,
        0,
        0,
        null,
        null,
        null,
        null,
        1,
        0,
        0,
        null,
        null,
        null,
        0,
        0,
        null,
        0,
        0,
        null,
        null,
        null,
        null,
        1,
        0,
        0,
        null,
        null,
        0,
        null,
        0,
        0,
        null,
        null,
        null,
        null,
        1,
        0,
        0,
        null,
        null,
        null,
        0,
        null,
        null,
        0,
        null,
        null,
        0,
        null,
        null,
        null,
        null,
        null,
        null,
        null,
        null,
        null,
        0,
        0,
        null,
        0,
        0,
        0,
        0,
        0,
        null,
        0,
        null,
        0,
        0,
        null,
        null,
        0,
        null,
        null,
        0,
        null,
        null,
        null,
        null,
        null,
        0,
        0,
        null,
        0,
        0,
        0,
        null,
        null,
        null,
        null,
        1,
        0,
        null,
        null,
        0,
        0,
        null,
        0,
        null,
        null,
        null,
        null,
        null,
        null,
        null,
        null,
        null,
        0,
        null,
        0,
        0,
        null,
        null,
        null,
        null,
        1,
        0,
        0,
        null,
        null,
        0,
        null,
        null,
        0,
        null,
        null,
        null,
        null,
        null,
        0,
        null,
        0,
        0,
        0,
        0,
        0,
        null,
        0,
        null,
        null,
        0,
        0,
        null,
        null,
        0,
        null,
        0,
        0,
        null,
        null,
        null,
        null,
        1,
        0,
        0,
        0,
        null,
        null,
        0,
        null,
        null,
        0,
        null,
        null,
        null,
        null,
        null,
        null,
        null,
        null,
        null,
        null,
        0,
        0,
        null,
        0,
        0,
        0,
        0,
        0,
        null,
        0,
        null,
        0,
        0,
        null,
        null,
        0,
        null,
        0,
        0,
        null,
        0,
        null,
        null,
        null,
        null,
        null,
        0,
        0,
        null,
        0,
        0,
        null,
        null,
        0,
        0,
        0,
        null,
        null,
        null,
        null,
        1,
        null,
        null,
        0,
        0,
        0,
        0,
        null,
        0,
        null,
        null,
        null,
        null,
        null,
        null,
        0,
        0,
        null,
        null,
        0,
        0,
        null,
        null,
        null,
        null,
        1,
        0,
        0,
        0,
        null,
        null,
        1,
        0,
        0,
        0,
        null,
        null,
        1,
        0,
        0,
        null,
        null,
        1,
        0,
        0,
        null,
        null,
        1,
        0,
        0,
        null,
        null,
        null,
        1,
        0,
        null,
        null,
        0,
        null,
        null,
        null,
        0,
        null,
        null,
        null,
        null,
        null,
        0,
        null,
        null,
        null,
        null,
        null,
        null,
        null,
        null,
        null,
        0,
        null,
        0,
        0,
        0,
        0,
        0,
        null,
        0,
        null,
        null,
        0,
        0,
        null,
        null,
        0,
        null,
        0,
        0,
        null,
        null,
        null,
        1,
        null,
        null,
        1,
        0,
        null,
        0,
        0,
        0,
        null,
        null,
        null,
        1,
        0,
        0,
        0,
        null,
        null,
        null,
        1,
        0,
        null,
        0,
        null,
        null,
        null,
        null,
        null,
        null,
        null,
        0,
        null,
        null,
        null,
        null,
        null,
        null,
        0,
        null,
        null,
        null,
        null,
        1,
        0,
        null,
        0,
        0,
        null,
        0,
        null,
        0,
        null,
        null,
        null,
        null,
        1,
        null,
        null,
        0,
        null,
        null,
        null,
        null,
        null,
        null,
        null,
        0,
        0,
        0,
        null,
        0,
        null,
        null,
        null,
        null,
        null,
        0,
        0,
        null,
        null,
        0,
        0,
        null,
        null,
        null,
        null,
        1,
        null,
        0,
        null,
        0,
        0,
        0,
        null,
        null,
        0,
        0,
        0,
        null,
        0,
        null,
        null,
        null,
        null,
        null,
        0,
        0,
        null,
        0,
        0,
        null,
        null,
        null
      ],
      "/home/youssef/Documents/DIrac/chatwoot/app/helpers/jira/integration_helper.rb": [
        1,
        null,
        null,
        null,
        null,
        null,
        1,
        0,
        null,
        0,
        null,
        0,
        0,
        null,
        null,
        1,
        null,
        0,
        null,
        null,
        null,
        null,
        null,
        null,
        null,
        null,
        null,
        null,
        1,
        0,
        null,
        0,
        null,
        null,
        null,
        null,
        null,
        null,
        null,
        1,
        0,
        0,
        null,
        0,
        0,
        null,
        0,
        null,
        null,
        null,
        null,
        null,
        null,
        null,
        1,
        null,
        1,
        0,
        null,
        null,
        1,
        0,
        0,
        null,
        0,
        0,
        null,
        null,
        1,
        0,
        null,
        null,
        null,
        1,
        0,
        null,
        0,
        null,
        null
      ],
      "/home/youssef/Documents/DIrac/chatwoot/lib/linear.rb": [
        1,
        1,
        1,
        null,
        1,
        0,
        0,
        null,
        null,
        1,
        null,
        0,
        null,
        0,
        0,
        null,
        null,
        1,
        0,
        null,
        null,
        0,
        null,
        0,
        0,
        null,
        null,
        1,
        0,
        null,
        null,
        0,
        null,
        0,
        0,
        null,
        null,
        1,
        0,
        null,
        null,
        0,
        null,
        0,
        0,
        null,
        null,
        1,
        0,
        0,
        0,
        null,
        null,
        0,
        null,
        null,
        null,
        null,
        null,
        null,
        null,
        null,
        0,
        0,
        0,
        null,
        null,
        1,
        0,
        0,
        null,
        null,
        0,
        null,
        0,
        0,
        null,
        null,
        1,
        0,
        null,
        null,
        0,
        null,
        0,
        0,
        null,
        null,
        1,
        null,
        1,
        0,
        0,
        null,
        null,
        1,
        0,
        null,
        0,
        null,
        null,
        1,
        0,
        0,
        null,
        0,
        null,
        null,
        1,
        0,
        null,
        null,
        null,
        null,
        null,
        null,
        1,
        0,
        null,
        0,
        null,
        null
      ],
      "/home/youssef/Documents/DIrac/chatwoot/app/helpers/linear/integration_helper.rb": [
        1,
        null,
        null,
        null,
        null,
        1,
        0,
        null,
        0,
        null,
        0,
        0,
        null,
        null,
        1,
        null,
        0,
        null,
        null,
        null,
        null,
        null,
        null,
        null,
        null,
        1,
        0,
        null,
        0,
        null,
        null,
        1,
        null,
        1,
        0,
        null,
        null,
        1,
        0,
        null,
        null,
        null,
        null,
        0,
        0,
        null,
        null
      ],
      "/home/youssef/Documents/DIrac/chatwoot/app/helpers/message_format_helper.rb": [
        1,
        1,
        null,
        1,
        null,
        0,
        null,
        null,
        1,
        0,
        null,
        null
      ],
      "/home/youssef/Documents/DIrac/chatwoot/lib/regex_helper.rb": [
        1,
        null,
        null,
        null,
        null,
        null,
        1,
        1,
        null,
        1,
        1,
        1,
        null
      ],
      "/home/youssef/Documents/DIrac/chatwoot/app/helpers/portal_helper.rb": [
        1,
        1,
        0,
        0,
        null,
        null,
        1,
        0,
        null,
        null,
        1,
        0,
        0,
        null,
        null,
        1,
        0,
        0,
        null,
        null,
        1,
        0,
        0,
        null,
        null,
        1,
        0,
        null,
        null,
        1,
        0,
        0,
        null,
        0,
        null,
        null,
        null,
        1,
        0,
        0,
        0,
        0,
        0,
        null,
        0,
        0,
        null,
        0,
        null,
        null,
        null,
        1,
        0,
        0,
        null,
        0,
        null,
        null,
        null,
        1,
        0,
        null,
        null,
        1,
        0,
        0,
        null,
        0,
        null,
        null
      ],
      "/home/youssef/Documents/DIrac/chatwoot/app/helpers/report_helper.rb": [
        1,
        1,
        null,
        1,
        0,
        null,
        0,
        null,
        0,
        null,
        0,
        null,
        0,
        null,
        0,
        null,
        null,
        null,
        1,
        0,
        null,
        null,
        1,
        0,
        null,
        null,
        1,
        0,
        null,
        null,
        1,
        0,
        null,
        null,
        1,
        0,
        null,
        null,
        1,
        0,
        null,
        null,
        1,
        0,
        null,
        null,
        1,
        0,
        null,
        null,
        1,
        0,
        null,
        null,
        1,
        0,
        null,
        null,
        null,
        1,
        0,
        null,
        null,
        null,
        1,
        0,
        null,
        null,
        null,
        1,
        0,
        0,
        null,
        0,
        null,
        null,
        1,
        0,
        0,
        null,
        0,
        null,
        null,
        1,
        0,
        0,
        null,
        0,
        null,
        null,
        1,
        0,
        null,
        0,
        0,
        null,
        0,
        null,
        null,
        0,
        null,
        0,
        null,
        null,
        1,
        0,
        null,
        0,
        null,
        0,
        null,
        0,
        null,
        null,
        1,
        0,
        null,
        0,
        0,
        null,
        0,
        null,
        null,
        0,
        null,
        0,
        null,
        null
      ],
      "/home/youssef/Documents/DIrac/chatwoot/app/helpers/shopify/integration_helper.rb": [
        1,
        1,
        null,
        null,
        null,
        null,
        null,
        1,
        0,
        null,
        0,
        null,
        0,
        0,
        null,
        null,
        1,
        null,
        0,
        null,
        null,
        null,
        null,
        null,
        null,
        null,
        null,
        1,
        0,
        null,
        0,
        null,
        null,
        1,
        null,
        1,
        0,
        null,
        null,
        1,
        0,
        null,
        null,
        1,
        0,
        null,
        null,
        null,
        null,
        null,
        null,
        null,
        null,
        null,
        0,
        0,
        null,
        null
      ],
      "/home/youssef/Documents/DIrac/chatwoot/app/helpers/super_admin/account_features_helper.rb": [
        1,
        1,
        0,
        null,
        null,
        1,
        0,
        null,
        null,
        null,
        1,
        0,
        0,
        null,
        null,
        null,
        1,
        0,
        null,
        0,
        0,
        null,
        null,
        1,
        0,
        0,
        null,
        null,
        1,
        0,
        null,
        0,
        null,
        null,
        1,
        0,
        0,
        0,
        null,
        0,
        null,
        null,
        0,
        null,
        null,
        null,
        null,
        1,
        0,
        0,
        null,
        null
      ],
      "/home/youssef/Documents/DIrac/chatwoot/app/helpers/timezone_helper.rb": [
        1,
        null,
        null,
        null,
        null,
        null,
        null,
        null,
        1,
        0,
        null,
        0,
        0,
        0,
        null,
        null,
        0,
        null,
        null
      ],
      "/home/youssef/Documents/DIrac/chatwoot/app/helpers/widget_helper.rb": [
        1,
        1,
        0,
        0,
        0,
        null,
        0,
        null,
        null
      ],
      "/home/youssef/Documents/DIrac/chatwoot/app/models/account.rb": [
        null,
        null,
        null,
        null,
        null,
        null,
        null,
        null,
        null,
        null,
        null,
        null,
        null,
        null,
        null,
        null,
        null,
        null,
        null,
        null,
        null,
        null,
        null,
        null,
        1,
        null,
        1,
        1,
        1,
        1,
        null,
        null,
        1,
        null,
        null,
        null,
        null,
        null,
        null,
        null,
        null,
        null,
        null,
        null,
        null,
        1,
        null,
        null,
        null,
        null,
        1,
        1,
        null,
        8,
        null,
        1,
        1,
        null,
        1,
        1,
        1,
        1,
        1,
        1,
        1,
        1,
        1,
        1,
        1,
        1,
        1,
        1,
        1,
        1,
        1,
        1,
        1,
        1,
        1,
        1,
        1,
        1,
        1,
        1,
        1,
        1,
        1,
        1,
        1,
        1,
        1,
        1,
        1,
        1,
        1,
        1,
        1,
        1,
        1,
        1,
        1,
        1,
        null,
        1,
        null,
        39,
        1,
        null,
        1,
        null,
        1,
        1,
        1,
        null,
        1,
        14,
        null,
        null,
        1,
        71,
        null,
        null,
        1,
        null,
        0,
        0,
        null,
        null,
        null,
        0,
        null,
        null,
        1,
        null,
        0,
        null,
        null,
        null,
        null,
        1,
        0,
        null,
        null,
        null,
        1,
        0,
        null,
        null,
        1,
        null,
        0,
        null,
        null,
        null,
        null,
        1,
        null,
        null,
        null,
        0,
        0,
        null,
        null,
        1,
        0,
        null,
        null,
        1,
        null,
        0,
        null,
        null,
        null,
        null,
        null,
        null,
        null,
        null,
        null,
        1,
        null,
        1,
        8,
        null,
        null,
        1,
        1,
        null,
        null,
        1,
        1,
        null,
        null,
        1,
        null,
        null,
        null,
        1,
        0,
        0,
        null,
        null,
        null,
        1,
        1,
        1,
        1
      ],
      "/home/youssef/Documents/DIrac/chatwoot/app/models/concerns/featurable.rb": [
        1,
        1,
        null,
        1,
        null,
        null,
        null,
        null,
        1,
        null,
        1,
        45,
        null,
        null,
        1,
        1,
        1,
        null,
        1,
        null,
        null,
        1,
        0,
        0,
        null,
        null,
        null,
        1,
        0,
        0,
        null,
        null,
        1,
        0,
        0,
        null,
        null,
        null,
        1,
        0,
        0,
        null,
        null,
        1,
        54,
        null,
        null,
        1,
        0,
        0,
        null,
        null,
        null,
        1,
        0,
        null,
        null,
        1,
        0,
        null,
        null,
        1,
        null,
        1,
        8,
        8,
        null,
        0,
        0,
        null,
        null
      ],
      "/home/youssef/Documents/DIrac/chatwoot/app/models/concerns/cache_keys.rb": [
        1,
        1,
        null,
        1,
        1,
        null,
        1,
        null,
        1,
        1,
        1,
        null,
        null,
        1,
        14,
        14,
        42,
        null,
        null,
        14,
        null,
        null,
        1,
        14,
        14,
        null,
        null,
        1,
        0,
        0,
        null,
        null,
        0,
        null,
        null,
        1,
        null,
        1,
        14,
        14,
        null,
        null,
        1,
        14,
        null,
        null
      ],
      "/home/youssef/Documents/DIrac/chatwoot/app/models/label.rb": [
        null,
        null,
        null,
        null,
        null,
        null,
        null,
        null,
        null,
        null,
        null,
        null,
        null,
        null,
        null,
        null,
        null,
        null,
        1,
        1,
        1,
        null,
        1,
        null,
        1,
        null,
        null,
        null,
        null,
        1,
        1,
        null,
        1,
        0,
        null,
        null,
        1,
        0,
        null,
        null,
        1,
        0,
        null,
        null,
        1,
        0,
        null,
        null,
        1,
        null,
        1,
        0,
        null,
        0,
        null,
        null
      ],
      "/home/youssef/Documents/DIrac/chatwoot/app/models/concerns/account_cache_revalidator.rb": [
        1,
        1,
        null,
        1,
        3,
        null,
        null,
        1,
        14,
        null,
        null
      ],
      "/home/youssef/Documents/DIrac/chatwoot/app/models/inbox.rb": [
        null,
        null,
        null,
        null,
        null,
        null,
        null,
        null,
        null,
        null,
        null,
        null,
        null,
        null,
        null,
        null,
        null,
        null,
        null,
        null,
        null,
        null,
        null,
        null,
        null,
        null,
        null,
        null,
        null,
        null,
        null,
        null,
        null,
        null,
        null,
        null,
        null,
        null,
        null,
        null,
        null,
        1,
        1,
        1,
        1,
        1,
        null,
        null,
        1,
        1,
        1,
        1,
        1,
        1,
        null,
        1,
        1,
        null,
        1,
        null,
        1,
        1,
        1,
        null,
        1,
        1,
        1,
        1,
        null,
        1,
        1,
        1,
        1,
        null,
        1,
        null,
        1,
        null,
        1,
        1,
        null,
        1,
        null,
        null,
        null,
        null,
        1,
        0,
        0,
        null,
        null,
        null,
        null,
        null,
        1,
        0,
        0,
        null,
        null,
        null,
        null,
        null,
        1,
        0,
        null,
        0,
        0,
        null,
        null,
        1,
        0,
        null,
        null,
        1,
        0,
        null,
        null,
        1,
        0,
        null,
        null,
        1,
        0,
        null,
        null,
        1,
        12,
        null,
        null,
        1,
        0,
        null,
        null,
        1,
        0,
        null,
        null,
        1,
        0,
        null,
        null,
        1,
        0,
        null,
        null,
        1,
        0,
        null,
        null,
        1,
        0,
        null,
        null,
        1,
        15,
        null,
        null,
        null,
        1,
        16,
        null,
        null,
        1,
        null,
        0,
        null,
        null,
        null,
        null,
        1,
        0,
        null,
        0,
        null,
        0,
        null,
        0,
        null,
        0,
        null,
        null,
        null,
        1,
        9,
        null,
        null,
        1,
        null,
        1,
        0,
        null,
        null,
        1,
        0,
        null,
        null,
        null,
        null,
        null,
        null,
        1,
        0,
        null,
        null,
        1,
        14,
        null,
        0,
        null,
        null,
        1,
        0,
        null,
        0,
        null,
        null,
        1,
        null,
        null,
        null,
        1,
        0,
        null,
        null,
        1,
        0,
        null,
        null,
        null,
        1,
        1,
        1
      ],
      "/home/youssef/Documents/DIrac/chatwoot/app/models/concerns/out_of_offisable.rb": [
        null,
        null,
        1,
        1,
        null,
        1,
        null,
        1,
        1,
        1,
        null,
        null,
        1,
        2,
        null,
        null,
        1,
        0,
        null,
        null,
        1,
        0,
        null,
        null,
        null,
        null,
        null,
        null,
        null,
        null,
        null,
        null,
        null,
        1,
        0,
        0,
        0,
        null,
        null,
        null,
        null,
        1,
        null,
        1,
        14,
        14,
        14,
        14,
        14,
        14,
        14,
        null,
        null
      ],
      "/home/youssef/Documents/DIrac/chatwoot/lib/limits.rb": [
        1,
        1,
        1,
        1,
        1,
        1,
        null,
        1,
        14,
        null,
        null
      ],
      "/home/youssef/Documents/DIrac/chatwoot/enterprise/app/models/enterprise/inbox.rb": [
        1,
        1,
        9,
        9,
        9,
        null,
        null,
        1,
        15,
        null,
        null,
        1,
        15,
        null,
        null,
        1,
        null,
        1,
        0,
        null,
        null,
        1,
        0,
        null,
        null,
        1,
        14,
        0,
        null,
        0,
        null,
        null
      ],
      "/home/youssef/Documents/DIrac/chatwoot/enterprise/app/models/enterprise/audit/inbox.rb": [
        1,
        1,
        null,
        1,
        1,
        null,
        null
      ],
      "/home/youssef/Documents/DIrac/chatwoot/enterprise/app/models/enterprise/concerns/inbox.rb": [
        1,
        1,
        null,
        1,
        1,
        1,
        null,
        null,
        null,
        null
      ],
      "/home/youssef/Documents/DIrac/chatwoot/app/models/team.rb": [
        null,
        null,
        null,
        null,
        null,
        null,
        null,
        null,
        null,
        null,
        null,
        null,
        null,
        null,
        null,
        null,
        null,
        1,
        1,
        null,
        1,
        1,
        1,
        1,
        null,
        1,
        null,
        null,
        null,
        1,
        0,
        null,
        null,
        null,
        null,
        null,
        1,
        0,
        0,
        0,
        null,
        0,
        0,
        null,
        null,
        null,
        null,
        null,
        1,
        0,
        0,
        null,
        null,
        1,
        0,
        null,
        null,
        1,
        0,
        null,
        null,
        1,
        null,
        0,
        null,
        null,
        null,
        null,
        null,
        1
      ],
      "/home/youssef/Documents/DIrac/chatwoot/enterprise/app/models/enterprise/audit/team.rb": [
        1,
        1,
        null,
        1,
        1,
        null,
        null
      ],
      "/home/youssef/Documents/DIrac/chatwoot/app/models/concerns/json_schema_validator.rb": [
        null,
        null,
        null,
        null,
        null,
        null,
        null,
        null,
        null,
        null,
        null,
        null,
        null,
        null,
        null,
        null,
        null,
        null,
        null,
        null,
        null,
        null,
        null,
        null,
        null,
        null,
        null,
        null,
        null,
        null,
        null,
        1,
        1,
        null,
        22,
        null,
        null,
        22,
        null,
        null,
        22,
        null,
        null,
        22,
        null,
        null,
        22,
        null,
        null,
        22,
        0,
        null,
        null,
        null,
        1,
        null,
        1,
        0,
        0,
        0,
        null,
        0,
        null,
        0,
        null,
        null,
        1,
        0,
        0,
        0,
        null,
        null,
        null,
        1,
        0,
        0,
        null,
        null,
        1,
        0,
        0,
        null,
        null,
        1,
        0,
        0,
        null,
        null,
        1,
        0,
        null,
        null,
        0,
        null,
        null
      ],
      "/home/youssef/Documents/DIrac/chatwoot/enterprise/app/models/enterprise/concerns/account.rb": [
        1,
        1,
        null,
        1,
        1,
        1,
        1,
        null,
        1,
        1,
        1,
        null,
        1,
        null,
        null
      ],
      "/home/youssef/Documents/DIrac/chatwoot/enterprise/app/models/enterprise/audit/account.rb": [
        1,
        1,
        null,
        1,
        1,
        1,
        null,
        null
      ],
      "/home/youssef/Documents/DIrac/chatwoot/lib/events/base.rb": [
        1,
        1,
        1,
        null,
        1,
        127,
        127,
        127,
        null,
        null,
        1,
        116,
        null,
        null
      ],
      "/home/youssef/Documents/DIrac/chatwoot/app/jobs/event_dispatcher_job.rb": [
        1,
        1,
        null,
        1,
        0,
        null,
        null
      ],
      "/home/youssef/Documents/DIrac/chatwoot/app/jobs/application_job.rb": [
        1,
        null,
        1,
        0,
        null,
        null,
        null,
        null
      ],
      "/home/youssef/Documents/DIrac/chatwoot/app/models/account_user.rb": [
        null,
        null,
        null,
        null,
        null,
        null,
        null,
        null,
        null,
        null,
        null,
        null,
        null,
        null,
        null,
        null,
        null,
        null,
        null,
        null,
        null,
        null,
        null,
        null,
        1,
        1,
        null,
        1,
        1,
        1,
        null,
        1,
        1,
        null,
        1,
        null,
        1,
        1,
        1,
        null,
        1,
        null,
        1,
        18,
        18,
        18,
        18,
        null,
        null,
        1,
        0,
        null,
        null,
        1,
        0,
        null,
        null,
        1,
        null,
        0,
        null,
        null,
        null,
        null,
        null,
        null,
        1,
        null,
        1,
        18,
        null,
        null,
        1,
        0,
        null,
        null,
        1,
        0,
        null,
        null,
        null,
        1,
        1,
        1
      ],
      "/home/youssef/Documents/DIrac/chatwoot/app/models/concerns/availability_statusable.rb": [
        1,
        1,
        null,
        1,
        0,
        0,
        null,
        null,
        1,
        0,
        0,
        null,
        0,
        null,
        null,
        null,
        1,
        null,
        1,
        0,
        null,
        null,
        1,
        null,
        0,
        null,
        null,
        0,
        null,
        null
      ],
      "/home/youssef/Documents/DIrac/chatwoot/enterprise/app/models/enterprise/account_user.rb": [
        1,
        1,
        0,
        null,
        null
      ],
      "/home/youssef/Documents/DIrac/chatwoot/enterprise/app/models/enterprise/audit/account_user.rb": [
        1,
        1,
        null,
        1,
        1,
        null,
        null,
        null,
        null,
        null,
        null,
        null,
        null
      ],
      "/home/youssef/Documents/DIrac/chatwoot/enterprise/app/models/enterprise/concerns/account_user.rb": [
        1,
        1,
        null,
        1,
        1,
        null,
        null
      ],
      "/home/youssef/Documents/DIrac/chatwoot/lib/chatwoot_hub.rb": [
        null,
        1,
        1,
        1,
        1,
        1,
        1,
        1,
        1,
        null,
        1,
        0,
        0,
        0,
        null,
        null,
        1,
        0,
        null,
        null,
        1,
        18,
        null,
        null,
        1,
        0,
        null,
        null,
        1,
        null,
        0,
        null,
        null,
        null,
        null,
        null,
        1,
        null,
        0,
        null,
        null,
        null,
        null,
        null,
        null,
        null,
        1,
        null,
        0,
        null,
        null,
        null,
        null,
        null,
        null,
        null,
        null,
        null,
        1,
        0,
        null,
        null,
        1,
        null,
        0,
        0,
        0,
        0,
        null,
        0,
        null,
        0,
        null,
        0,
        null,
        null,
        1,
        0,
        0,
        null,
        0,
        null,
        0,
        null,
        null,
        1,
        0,
        0,
        null,
        0,
        null,
        0,
        null,
        null,
        1,
        null,
        0,
        null,
        null,
        null,
        0,
        null,
        null,
        null,
        null,
        1,
        0,
        null,
        0,
        0,
        null,
        0,
        null,
        0,
        null,
        null
      ],
      "/home/youssef/Documents/DIrac/chatwoot/app/models/access_token.rb": [
        null,
        null,
        null,
        null,
        null,
        null,
        null,
        null,
        null,
        null,
        null,
        null,
        null,
        null,
        null,
        null,
        null,
        1,
        1,
        1,
        null
      ],
      "/home/youssef/Documents/DIrac/chatwoot/app/jobs/avatar/avatar_from_gravatar_job.rb": [
        1,
        1,
        null,
        1,
        0,
        0,
        0,
        null,
        0,
        0,
        0,
        null,
        null
      ],
      "/home/youssef/Documents/DIrac/chatwoot/app/models/notification_setting.rb": [
        null,
        null,
        null,
        null,
        null,
        null,
        null,
        null,
        null,
        null,
        null,
        null,
        null,
        null,
        null,
        null,
        null,
        1,
        null,
        1,
        null,
        1,
        1,
        null,
        1,
[...]
        null,
        null,
        null,
        null,
        null,
        null,
        null,
        null,
        null,
        null,
        null,
        0,
        null,
        null,
        null,
        0,
        null,
        null,
        null,
        null,
        null,
        null,
        null,
        null,
        null,
        null,
        null,
        null,
        null,
        0,
        0,
        null,
        0,
        0,
        null,
        null,
        null,
        null,
        null,
        null,
        null,
        null,
        null,
        null,
        0,
        0,
        0,
        0,
        null,
        null,
        null,
        null,
        null,
        null,
        null,
        null,
        null,
        0,
        0,
        0,
        0
      ],
      "/home/youssef/Documents/DIrac/chatwoot/lib/seeders/account_seeder.rb": [
        null,
        null,
        null,
        null,
        null,
        null,
        null,
        null,
        null,
        null,
        0,
        0,
        0,
        null,
        0,
        0,
        0,
        null,
        0,
        0,
        0,
        0,
        0,
        0,
        0,
        0,
        0,
        0,
        null,
        0,
        0,
        0,
        0,
        0,
        0,
        0,
        0,
        null,
        0,
        0,
        0,
        0,
        0,
        null,
        0,
        0,
        null,
        0,
        0,
        0,
        0,
        0,
        0,
        0,
        0,
        null,
        0,
        0,
        0,
        0,
        0,
        null,
        0,
        0,
        0,
        0,
        0,
        0,
        0,
        null,
        0,
        null,
        0,
        0,
        0,
        0,
        0,
        0,
        0,
        null,
        0,
        0,
        0,
        0,
        null,
        0,
        0,
        0,
        0,
        0,
        0,
        null,
        0,
        0,
        0,
        0,
        0,
        0,
        null,
        0,
        0,
        null,
        0,
        0,
        null,
        0,
        0,
        0,
        0,
        0,
        null,
        0,
        0,
        0,
        0,
        0,
        0,
        0,
        0,
        0,
        0,
        0,
        0,
        0,
        0,
        null,
        0,
        0,
        0,
        0,
        0,
        0,
        0,
        0,
        null,
        0,
        0,
        0,
        0,
        0,
        0,
        0,
        0,
        0,
        0,
        null,
        0,
        0,
        0,
        0,
        0,
        0,
        0,
        null,
        0,
        0,
        0,
        0
      ],
      "/home/youssef/Documents/DIrac/chatwoot/lib/seeders/inbox_seeder.rb": [
        null,
        null,
        null,
        null,
        null,
        null,
        null,
        null,
        null,
        null,
        0,
        0,
        0,
        null,
        0,
        0,
        0,
        null,
        0,
        0,
        0,
        0,
        0,
        0,
        0,
        0,
        0,
        0,
        0,
        null,
        0,
        0,
        0,
        0,
        null,
        0,
        0,
        0,
        0,
        0,
        null,
        0,
        0,
        0,
        0,
        0,
        null,
        0,
        null,
        0,
        0,
        0,
        0,
        0,
        0,
        0,
        0,
        0,
        null,
        null,
        0,
        null,
        0,
        0,
        null,
        0,
        0,
        0,
        0,
        null,
        0,
        0,
        0,
        0,
        0,
        null,
        0,
        0,
        0,
        0,
        null,
        0,
        null,
        0,
        0,
        0,
        0,
        0,
        0,
        0,
        0,
        0,
        0,
        0,
        0,
        0,
        null,
        0,
        null,
        0,
        0,
        0,
        0,
        0,
        0
      ],
      "/home/youssef/Documents/DIrac/chatwoot/lib/seeders/message_seeder.rb": [
        0,
        0,
        0,
        0,
        0,
        0,
        0,
        0,
        0,
        0,
        0,
        null,
        0,
        0,
        0,
        0,
        0,
        0,
        0,
        0,
        0,
        0,
        null,
        0,
        0,
        0,
        0,
        0,
        0,
        0,
        0,
        0,
        0,
        0,
        0,
        0,
        0,
        0,
        0,
        null,
        0,
        0,
        0,
        0,
        0,
        0,
        0,
        0,
        0,
        0,
        0,
        0,
        0,
        0,
        0,
        0,
        0,
        0,
        0,
        null,
        0,
        0,
        0,
        0,
        0,
        0,
        0,
        0,
        0,
        0,
        0,
        0,
        0,
        0,
        0,
        0,
        0,
        0,
        null,
        0,
        0,
        0,
        0,
        0,
        0,
        0,
        0,
        0,
        0,
        0,
        null,
        0,
        0,
        0,
        0,
        0,
        0,
        0,
        0,
        0,
        0,
        0,
        0,
        0,
        0,
        null,
        0,
        0,
        0,
        0,
        0,
        0,
        0,
        0,
        0,
        0,
        0,
        0,
        0,
        0,
        0,
        0,
        0
      ],
      "/home/youssef/Documents/DIrac/chatwoot/lib/seeders/reports/conversation_creator.rb": [
        null,
        null,
        0,
        0,
        null,
        0,
        0,
        null,
        0,
        0,
        0,
        0,
        0,
        0,
        0,
        0,
        0,
        null,
        0,
        0,
        null,
        0,
        0,
        0,
        0,
        null,
        0,
        0,
        0,
        0,
        null,
        0,
        0,
        null,
        0,
        0,
        null,
        0,
        null,
        0,
        0,
        0,
        null,
        0,
        0,
        0,
        0,
        null,
        0,
        0,
        0,
        0,
        0,
        0,
        0,
        0,
        0,
        null,
        0,
        0,
        0,
        0,
        0,
        0,
        null,
        0,
        0,
        0,
        null,
        0,
        0,
        0,
        null,
        0,
        0,
        0,
        0,
        null,
        0,
        0,
        0,
        0,
        0,
        0,
        0,
        0,
        null,
        0,
        0,
        null,
        0,
        0,
        0,
        null,
        0,
        0,
        null,
        0,
        0,
        null,
        0,
        0,
        0,
        0,
        0
      ],
      "/home/youssef/Documents/DIrac/chatwoot/lib/seeders/reports/message_creator.rb": [
        null,
        null,
        0,
        0,
        null,
        0,
        0,
        null,
        0,
        null,
        0,
        0,
        0,
        0,
        0,
        null,
        0,
        0,
        0,
        null,
        0,
        0,
        0,
        0,
        0,
        null,
        0,
        0,
        0,
        0,
        0,
        null,
        0,
        0,
        null,
        0,
        0,
        0,
        null,
        0,
        null,
        0,
        0,
        0,
        0,
        null,
        0,
        0,
        null,
        0,
        0,
        null,
        0,
        0,
        0,
        0,
        0,
        null,
        0,
        0,
        0,
        0,
        0,
        0,
        0,
        null,
        0,
        0,
        0,
        0,
        0,
        0,
        0,
        0,
        0,
        null,
        0,
        0,
        null,
        0,
        0,
        0,
        0,
        0,
        0,
        0,
        0,
        null,
        0,
        0,
        0,
        null,
        0,
        0,
        0,
        0,
        0,
        0,
        0,
        null,
        0,
        0,
        0,
        0,
        0,
        null,
        0,
        0,
        0,
        0,
        0,
        null,
        0,
        0,
        0,
        0,
        null,
        0,
        0,
        null,
        0,
        0,
        0,
        0,
        0,
        null,
        0,
        0,
        0,
        0,
        null,
        0,
        0,
        0,
        0,
        0,
        0,
        null,
        0,
        0,
        0
      ],
      "/home/youssef/Documents/DIrac/chatwoot/lib/seeders/reports/report_data_seeder.rb": [
        null,
        null,
        null,
        null,
        null,
        null,
        null,
        null,
        null,
        null,
        null,
        null,
        null,
        null,
        null,
        null,
        null,
        null,
        null,
        null,
        null,
        null,
        null,
        0,
        0,
        0,
        null,
        null,
        0,
        0,
        null,
        0,
        0,
        0,
        0,
        0,
        0,
        0,
        0,
        0,
        null,
        0,
        0,
        null,
        0,
        0,
        0,
        0,
        0,
        0,
        0,
        null,
        0,
        0,
        null,
        null,
        0,
        null,
        0,
        0,
        0,
        0,
        0,
        null,
        0,
        null,
        0,
        0,
        null,
        0,
        null,
        0,
        0,
        0,
        0,
        0,
        0,
        0,
        0,
        0,
        0,
        null,
        0,
        0,
        0,
        0,
        0,
        0,
        0,
        0,
        null,
        0,
        0,
        null,
        0,
        0,
        0,
        0,
        0,
        0,
        0,
        null,
        0,
        0,
        null,
        0,
        0,
        0,
        0,
        0,
        0,
        0,
        0,
        0,
        0,
        null,
        0,
        0,
        0,
        0,
        0,
        null,
        0,
        0,
        null,
        0,
        0,
        0,
        0,
        0,
        0,
        0,
        0,
        0,
        null,
        0,
        0,
        0,
        0,
        0,
        0,
        0,
        0,
        0,
        0,
        null,
        0,
        0,
        null,
        0,
        0,
        0,
        0,
        0,
        0,
        0,
        null,
        0,
        0,
        null,
        0,
        0,
        0,
        0,
        0,
        null,
        0,
        0,
        0,
        0,
        0,
        null,
        0,
        0,
        null,
        0,
        0,
        null,
        0,
        0,
        0,
        0,
        null,
        0,
        0,
        0,
        0,
        null,
        0,
        0,
        0,
        0,
        0,
        0,
        0,
        0,
        0,
        0,
        0,
        0,
        0,
        0,
        0,
        null,
        0,
        0,
        null,
        0,
        0,
        null,
        0,
        0,
        0,
        0,
        0,
        0,
        0,
        0,
        0,
        0,
        0,
        null,
        0,
        0,
        0,
        null,
        0,
        0,
        0,
        null,
        0,
        0,
        0,
        null
      ],
      "/home/youssef/Documents/DIrac/chatwoot/lib/test_data/account_creator.rb": [
        0,
        0,
        null,
        0,
        0,
        0,
        0,
        0,
        0,
        0,
        0,
        0,
        0,
        0,
        0,
        null,
        0,
        0,
        0,
        null,
        0,
        0,
        0,
        null,
        0,
        0,
        0,
        0,
        0,
        0,
        0
      ],
      "/home/youssef/Documents/DIrac/chatwoot/lib/test_data/cleanup_service.rb": [
        0,
        0,
        null,
        0,
        0,
        0,
        null,
        0,
        null,
        0,
        null,
        0,
        0,
        0,
        0,
        0,
        null,
        0,
        0,
        0,
        null,
        0,
        null,
        0,
        0,
        0,
        null,
        0,
        0,
        0,
        null,
        0,
        0,
        0,
        null,
        0,
        0,
        0,
        0,
        0,
        0,
        null,
        0,
        0,
        0,
        null,
        0,
        0,
        0,
        0,
        0
      ],
      "/home/youssef/Documents/DIrac/chatwoot/lib/test_data/constants.rb": [
        0,
        0,
        0,
        0,
        0,
        null,
        0,
        0,
        0,
        0,
        null,
        0,
        0,
        null,
        0,
        0,
        0,
        0
      ],
      "/home/youssef/Documents/DIrac/chatwoot/lib/test_data/contact_batch_service.rb": [
        0,
        0,
        0,
        0,
        0,
        0,
        0,
        0,
        null,
        null,
        null,
        0,
        0,
        null,
        0,
        0,
        0,
        0,
        null,
        0,
        0,
        0,
        null,
        0,
        null,
        null,
        0,
        0,
        0,
        null,
        0,
        0,
        0,
        0,
        0,
        0,
        null,
        0,
        0,
        null,
        null,
        0,
        0,
        0,
        0,
        0,
        0,
        0,
        0,
        0,
        0,
        0,
        0,
        null,
        0,
        0,
        null,
        0,
        0,
        0,
        0,
        0,
        0,
        null,
        0,
        0,
        null,
        0,
        0,
        0,
        0,
        0,
        null,
        null,
        0,
        0,
        0,
        null,
        0,
        0,
        0,
        0,
        0,
        0,
        0,
        0,
        0,
        0,
        0,
        null,
        0,
        0,
        0,
        null,
        0,
        0,
        null,
        null,
        null,
        0,
        0,
        0,
        null,
        0,
        0,
        0,
        0,
        0,
        null,
        0,
        0,
        null,
        0,
        0,
        0,
        0,
        0,
        null,
        0,
        0,
        null,
        null,
        0,
        0,
        0,
        0,
        0,
        0,
        0,
        0,
        0,
        0,
        0,
        0,
        0,
        null,
        null,
        0,
        0,
        0,
        null,
        0,
        0,
        0,
        0,
        null,
        0,
        0,
        0,
        null,
        0,
        0,
        null,
        0,
        0,
        null,
        0,
        0,
        null,
        0,
        0,
        null,
        null,
        0,
        0,
        0,
        0,
        0,
        0,
        null,
        0,
        0,
        null,
        0,
        0,
        0,
        0,
        0,
        0,
        null,
        0,
        0,
        0,
        0,
        0,
        0,
        0,
        0,
        0,
        0,
        0,
        0,
        0,
        0,
        0,
        0
      ],
      "/home/youssef/Documents/DIrac/chatwoot/lib/test_data/database_optimizer.rb": [
        0,
        0,
        null,
        0,
        null,
        null,
        null,
        0,
        null,
        0,
        0,
        null,
        null,
        0,
        0,
        null,
        null,
        0,
        0,
        null,
        null,
        null,
        0,
        0,
        null,
        null,
        0,
        0,
        null,
        0,
        0,
        null,
        0,
        0,
        null,
        0,
        0,
        null,
        0,
        0,
        null,
        null,
        0,
        0,
        0,
        null,
        0,
        0,
        null,
        0,
        null,
        0,
        0,
        0,
        0,
        0,
        0,
        null,
        0,
        0,
        0,
        0,
        0,
        0,
        null,
        0,
        0,
        0,
        0,
        0,
        0,
        null,
        0,
        0,
        0,
        0,
        0,
        0,
        0,
        0
      ],
      "/home/youssef/Documents/DIrac/chatwoot/lib/test_data/display_id_tracker.rb": [
        0,
        0,
        null,
        0,
        0,
        0,
        0,
        null,
        0,
        0,
        0,
        0
      ],
      "/home/youssef/Documents/DIrac/chatwoot/lib/test_data/inbox_creator.rb": [
        0,
        0,
        0,
        0,
        0,
        0,
        0,
        0,
        0,
        0,
        0,
        0
      ],
      "/home/youssef/Documents/DIrac/chatwoot/lib/test_data/orchestrator.rb": [
        0,
        0,
        0,
        0,
        null,
        0,
        0,
        null,
        0,
        0,
        0,
        0,
        null,
        0,
        0,
        0,
        0,
        null,
        0,
        0,
        null,
        0,
        null,
        null,
        0,
        0,
        null,
        0,
        0,
        0,
        0,
        0,
        0,
        0,
        0,
        null,
        null,
        0,
        0,
        0,
        0,
        0,
        null,
        null,
        0,
        0,
        0,
        0,
        0,
        null,
        null,
        0,
        0,
        0,
        0,
        null,
        0,
        0,
        0,
        0,
        0,
        null,
        0,
        0,
        null,
        0,
        0,
        0,
        0,
        0,
        0,
        0,
        null,
        0,
        0,
        0,
        null,
        0,
        0,
        0,
        0,
        null,
        0,
        0,
        0,
        0,
        null,
        0,
        0,
        0,
        0,
        0,
        0,
        0,
        null,
        0,
        0,
        null,
        0,
        null,
        0,
        0,
        null,
        0,
        0,
        0,
        0,
        0,
        0
      ],
      "/home/youssef/Documents/DIrac/chatwoot/lib/test_data.rb": [
        0,
        0,
        0,
        0,
        null,
        0,
        0,
        0,
        0,
        null,
        0,
        0,
        0,
        0,
        0,
        0,
        0,
        0
      ],
      "/home/youssef/Documents/DIrac/chatwoot/lib/vapid_service.rb": [
        0,
        0,
        0,
        0,
        null,
        0,
        0,
        0,
        null,
        0,
        0,
        0,
        null,
        null,
        0,
        null,
        0,
        0,
        null,
        0,
        0,
        0,
        null,
        0,
        0
      ],
      "/home/youssef/Documents/DIrac/chatwoot/lib/webhooks/trigger.rb": [
        0,
        0,
        null,
        0,
        0,
        0,
        0,
        0,
        null,
        0,
        0,
        0,
        null,
        0,
        0,
        0,
        0,
        0,
        0,
        null,
        0,
        null,
        0,
        0,
        0,
        0,
        0,
        0,
        0,
        0,
        0,
        null,
        0,
        0,
        0,
        null,
        0,
        0,
        null,
        0,
        0,
        0,
        null,
        0,
        0,
        0,
        null,
        0,
        0,
        null,
        0,
        0,
        null,
        0,
        0,
        0,
        0
      ],
      "/home/youssef/Documents/DIrac/chatwoot/lib/webhooks/twitter.rb": [
        null,
        null,
        0,
        0,
        0,
        null,
        0,
        null,
        0,
        0,
        0,
        null,
        0,
        0,
        0,
        null,
        0,
        null,
        0,
        0,
        0,
        null,
        0,
        0,
        0,
        null,
        0,
        0,
        0,
        0
      ]
    },
    "timestamp": 1750847534
  }
}
